<?xml version="1.0" encoding="UTF-8"?>
<!-- Generated by org.testng.reporters.JUnitXMLReporter -->
<testsuite hostname="Swathi-PC" ignored="0" name="Test" tests="3" failures="0" timestamp="26 Jun 2018 12:23:15 GMT" time="63.081" errors="0">
  <testcase name="basePageNavigation" time="0.271" classname="amazon.TitleValidationTest"/>
  <testcase name="basePageNavigation" time="16.906" classname="amazon.HomePageTest"/>
  <testcase name="basePageNavigation" time="0.133" classname="amazon.NavigationValidationTest"/>
</testsuite> <!-- Test -->
