<?xml version="1.0" encoding="UTF-8"?>
<!-- Generated by org.testng.reporters.JUnitXMLReporter -->
<testsuite hostname="Swathi-PC" ignored="0" name="Command line test" tests="3" failures="0" timestamp="26 Jun 2018 13:27:10 GMT" time="63.62" errors="0">
  <testcase name="basePageNavigation" time="20.076" classname="amazon.HomePageTest"/>
  <testcase name="basePageNavigation" time="0.162" classname="amazon.NavigationValidationTest"/>
  <testcase name="basePageNavigation" time="0.109" classname="amazon.TitleValidationTest"/>
</testsuite> <!-- Command line test -->
