<?xml version="1.0" encoding="UTF-8"?>
<testsuite xmlns:xsi="http://www.w3.org/2001/XMLSchema-instance" xsi:noNamespaceSchemaLocation="https://maven.apache.org/surefire/maven-surefire-plugin/xsd/surefire-test-report.xsd" name="TestSuite" time="55.465" tests="3" errors="0" skipped="0" failures="0">
  <properties>
[...]
</properties>
  <testcase name="basePageNavigation" classname="amazon.TitleValidationTest" time="0.153"/>
  <testcase name="basePageNavigation" classname="amazon.HomePageTest" time="17.095"/>
  <testcase name="basePageNavigation" classname="amazon.NavigationValidationTest" time="0.493"/>
</testsuite>